"../../../../../../Projects/UE4/BloodyGarry_1/Content/Maps/NewMap.uasset" 0
"../../../../../../Projects/UE4/BloodyGarry_1/Content/Maps/Main_BuiltData.uasset" 1
"../../../../../../Projects/UE4/BloodyGarry_1/Content/Maps/NewMap_BuiltData.uasset" 2
"../../../../../../Projects/UE4/BloodyGarry_1/Content/Objects/Bat/batPicMap.uasset" 3
"../../../../../../Projects/UE4/BloodyGarry_1/Content/Objects/Bat/batPicMap_Mat.uasset" 4
"../../../../../../Projects/UE4/BloodyGarry_1/Content/Objects/Garry/Garry_Cape_Mat.uasset" 5
"../../../../../../Projects/UE4/BloodyGarry_1/Content/Objects/Garry/Garry_Eyes_mat.uasset" 6
"../../../../../../Projects/UE4/BloodyGarry_1/Content/Objects/Garry/Garry_Hat_Mat.uasset" 7
"../../../../../../Projects/UE4/BloodyGarry_1/Content/Objects/Garry/TEXTURE_Garry_Body.uasset" 8
"../../../../../../Projects/UE4/BloodyGarry_1/Content/Objects/Garry/TEXTURE_Garry_Body_Mat.uasset" 9
"../../../../../../Projects/UE4/BloodyGarry_1/Content/Objects/Garry/Garry_Attack_windup_Anim_PhysicsAsset.uasset" 10
"../../../../../../Projects/UE4/BloodyGarry_1/Content/Objects/Garry/Garry_Idle_Anim_03_Skeleton.uasset" 11
"../../../../../../Projects/UE4/BloodyGarry_1/Content/Objects/Garry/Garry_Attack_windup_Anim_Skeleton.uasset" 12
"../../../../../../Projects/UE4/BloodyGarry_1/Content/Objects/Garry/Garry_Attack_windup_Anim.uasset" 13
"../../../../../../Projects/UE4/BloodyGarry_1/Content/Animations/Dash_PS.uasset" 14
"../../../../../../Projects/UE4/BloodyGarry_1/Content/Meshes/CharacterMeshes/Garry/TEXTURE_Body.uasset" 15
"../../../../../../Projects/UE4/BloodyGarry_1/Content/Meshes/CharacterMeshes/Garry/lambert3.uasset" 16
"../../../../../../Projects/UE4/BloodyGarry_1/Content/Meshes/CharacterMeshes/Garry/Garry_wo_rig_body_PhysicsAsset.uasset" 17
"../../../../../../Projects/UE4/BloodyGarry_1/Content/Meshes/CharacterMeshes/Garry/Garry_wo_rig_body_Skeleton.uasset" 18
"../../../../../../Projects/UE4/BloodyGarry_1/Content/Meshes/CharacterMeshes/Garry/Garry_wo_rig_body.uasset" 19
"../../../../../../Projects/UE4/BloodyGarry_1/Content/Blueprints/BP_Character1.uasset" 20
"../../../../../../Projects/UE4/BloodyGarry_1/Content/Objects/Garry/Garry_Attack_windup_Anim_Anim.uasset" 21
"../../../../../../Projects/UE4/BloodyGarry_1/Content/Objects/Garry/Garry_Idle_Anim_03_Anim.uasset" 22
"../../../../../../Projects/UE4/BloodyGarry_1/Content/Objects/Garry/Garry_Run_Anim_02_Anim.uasset" 23
"../../../../../../Projects/UE4/BloodyGarry_1/Content/Animations/Garry_IdleRun_Blendspace.uasset" 24
"../../../../../../Projects/UE4/BloodyGarry_1/Content/Animations/MainAnim_BP.uasset" 25
"../../../../../../Projects/UE4/BloodyGarry_1/Content/Objects/Garry/Garry_Idle_Anim_03_PhysicsAsset.uasset" 26
"../../../../../../Projects/UE4/BloodyGarry_1/Content/Objects/Garry/Garry_Idle_Anim_03.uasset" 27
"../../../../../../Projects/UE4/BloodyGarry_1/Content/Blueprints/BP_Character.uasset" 28
"../../../../../../Projects/UE4/BloodyGarry_1/Content/Blueprints/BP_GameModeBase.uasset" 29
"../../../../../../Projects/UE4/BloodyGarry_1/Content/Materials/M_Bat.uasset" 30
"../../../../../../Projects/UE4/BloodyGarry_1/Content/Meshes/batAnim_PhysicsAsset.uasset" 31
"../../../../../../Projects/UE4/BloodyGarry_1/Content/Meshes/batAnim_Skeleton.uasset" 32
"../../../../../../Projects/UE4/BloodyGarry_1/Content/Meshes/batAnim.uasset" 33
"../../../../../../Projects/UE4/BloodyGarry_1/Content/Meshes/batAnim_Anim.uasset" 34
"../../../../../../Projects/UE4/BloodyGarry_1/Content/Meshes/lambert1.uasset" 35
"../../../../../../Projects/UE4/BloodyGarry_1/Content/Meshes/House_Small.uasset" 36
"../../../../../../Projects/UE4/BloodyGarry_1/Content/Meshes/House_Tall.uasset" 37
"../../../../../../Projects/UE4/BloodyGarry_1/Content/Meshes/Key.uasset" 38
"../../../../../../Projects/UE4/BloodyGarry_1/Content/Meshes/Lamp.uasset" 39
"../../../Engine/Content/BasicShapes/BasicShapeMaterial.uasset" 40
"../../../../../../Projects/UE4/BloodyGarry_1/Content/Meshes/SM_Sphere.uasset" 41
"../../../../../../Projects/UE4/BloodyGarry_1/Content/Meshes/Stand_1.uasset" 42
"../../../../../../Projects/UE4/BloodyGarry_1/Content/Meshes/Stand_Wheels.uasset" 43
"../../../../../../Projects/UE4/BloodyGarry_1/Content/Meshes/Sunscreen.uasset" 44
"../../../../../../Projects/UE4/BloodyGarry_1/Content/Meshes/Tree_1.uasset" 45
"../../../../../../Projects/UE4/BloodyGarry_1/Content/Meshes/Tree_2.uasset" 46
"../../../../../../Projects/UE4/BloodyGarry_1/Content/Meshes/CharacterMeshes/Bat/lambert1.uasset" 47
"../../../../../../Projects/UE4/BloodyGarry_1/Content/Meshes/CharacterMeshes/Bat/batAnim_PhysicsAsset.uasset" 48
"../../../../../../Projects/UE4/BloodyGarry_1/Content/Meshes/CharacterMeshes/Bat/batAnim_Skeleton.uasset" 49
"../../../../../../Projects/UE4/BloodyGarry_1/Content/Meshes/CharacterMeshes/Bat/batAnim.uasset" 50
"../../../../../../Projects/UE4/BloodyGarry_1/Content/Meshes/CharacterMeshes/GarlicBoys/TEXTURE_Body.uasset" 51
"../../../../../../Projects/UE4/BloodyGarry_1/Content/Meshes/CharacterMeshes/GarlicBoys/lambert2.uasset" 52
"../../../../../../Projects/UE4/BloodyGarry_1/Content/Meshes/CharacterMeshes/GarlicBoys/Garlic_boys_wo_rig_body.uasset" 53
"../../../../../../Projects/UE4/BloodyGarry_1/Content/Meshes/CharacterMeshes/GarlicBoys/TEXTURE_Eyes.uasset" 54
"../../../../../../Projects/UE4/BloodyGarry_1/Content/Meshes/CharacterMeshes/GarlicBoys/blinn1.uasset" 55
"../../../../../../Projects/UE4/BloodyGarry_1/Content/Meshes/CharacterMeshes/GarlicBoys/Garlic_boys_wo_rig_eyes.uasset" 56
"../../../../../../Projects/UE4/BloodyGarry_1/Content/Meshes/CharacterMeshes/GarlicBoys/TEXTURE_Green.uasset" 57
"../../../../../../Projects/UE4/BloodyGarry_1/Content/Meshes/CharacterMeshes/GarlicBoys/lambert3.uasset" 58
"../../../../../../Projects/UE4/BloodyGarry_1/Content/Meshes/CharacterMeshes/GarlicBoys/Garlic_boys_wo_rig_green_body.uasset" 59
"../../../../../../Projects/UE4/BloodyGarry_1/Content/Meshes/CharacterMeshes/GarlicMan/TEXTURE_Apron.uasset" 60
"../../../../../../Projects/UE4/BloodyGarry_1/Content/Meshes/CharacterMeshes/GarlicMan/lambert3.uasset" 61
"../../../../../../Projects/UE4/BloodyGarry_1/Content/Meshes/CharacterMeshes/GarlicMan/Garlic_man_wo_rig_apron.uasset" 62
"../../../../../../Projects/UE4/BloodyGarry_1/Content/Meshes/CharacterMeshes/GarlicMan/TEXTURE_Baguette.uasset" 63
"../../../../../../Projects/UE4/BloodyGarry_1/Content/Meshes/CharacterMeshes/GarlicMan/lambert8.uasset" 64
"../../../../../../Projects/UE4/BloodyGarry_1/Content/Meshes/CharacterMeshes/GarlicMan/Garlic_man_wo_rig_baguette.uasset" 65
"../../../../../../Projects/UE4/BloodyGarry_1/Content/Meshes/CharacterMeshes/GarlicMan/TEXTURE_Eyes.uasset" 66
"../../../../../../Projects/UE4/BloodyGarry_1/Content/Meshes/CharacterMeshes/GarlicMan/lambert7.uasset" 67
"../../../../../../Projects/UE4/BloodyGarry_1/Content/Meshes/CharacterMeshes/GarlicMan/Garlic_man_wo_rig_eyes.uasset" 68
"../../../../../../Projects/UE4/BloodyGarry_1/Content/Meshes/CharacterMeshes/GarlicMan/TEXTURE_Green_Body.uasset" 69
"../../../../../../Projects/UE4/BloodyGarry_1/Content/Meshes/CharacterMeshes/GarlicMan/lambert5.uasset" 70
"../../../../../../Projects/UE4/BloodyGarry_1/Content/Meshes/CharacterMeshes/GarlicMan/Garlic_man_wo_rig_green_body.uasset" 71
"../../../../../../Projects/UE4/BloodyGarry_1/Content/Meshes/CharacterMeshes/GarlicMan/TEXTURE_Green_Head.uasset" 72
"../../../../../../Projects/UE4/BloodyGarry_1/Content/Meshes/CharacterMeshes/GarlicMan/lambert4.uasset" 73
"../../../../../../Projects/UE4/BloodyGarry_1/Content/Meshes/CharacterMeshes/GarlicMan/Garlic_man_wo_rig_green_head.uasset" 74
"../../../../../../Projects/UE4/BloodyGarry_1/Content/Meshes/CharacterMeshes/GarlicMan/TEXTURE_Moustache.uasset" 75
"../../../../../../Projects/UE4/BloodyGarry_1/Content/Meshes/CharacterMeshes/GarlicMan/lambert6.uasset" 76
"../../../../../../Projects/UE4/BloodyGarry_1/Content/Meshes/CharacterMeshes/GarlicMan/Garlic_man_wo_rig_moustache.uasset" 77
"../../../../../../Projects/UE4/BloodyGarry_1/Content/Meshes/CharacterMeshes/GarlicMan/TEXTURE_Body.uasset" 78
"../../../../../../Projects/UE4/BloodyGarry_1/Content/Meshes/CharacterMeshes/GarlicMan/lambert2.uasset" 79
"../../../../../../Projects/UE4/BloodyGarry_1/Content/Meshes/CharacterMeshes/GarlicMan/Garlic_man_wo_rig_polySurface14.uasset" 80
"../../../../../../Projects/UE4/BloodyGarry_1/Content/Meshes/CharacterMeshes/Garry/lambert5.uasset" 81
"../../../../../../Projects/UE4/BloodyGarry_1/Content/Meshes/CharacterMeshes/Garry/Garry_wo_rig_cape_PhysicsAsset.uasset" 82
"../../../../../../Projects/UE4/BloodyGarry_1/Content/Meshes/CharacterMeshes/Garry/Garry_wo_rig_cape_Skeleton.uasset" 83
"../../../../../../Projects/UE4/BloodyGarry_1/Content/Meshes/CharacterMeshes/Garry/Garry_wo_rig_cape.uasset" 84
"../../../../../../Projects/UE4/BloodyGarry_1/Content/Meshes/CharacterMeshes/Garry/blinn1.uasset" 85
"../../../../../../Projects/UE4/BloodyGarry_1/Content/Meshes/CharacterMeshes/Garry/Garry_wo_rig_eyes_Skeleton.uasset" 86
"../../../../../../Projects/UE4/BloodyGarry_1/Content/Meshes/CharacterMeshes/Garry/Garry_wo_rig_eyes.uasset" 87
"../../../../../../Projects/UE4/BloodyGarry_1/Content/Meshes/CharacterMeshes/Garry/lambert4.uasset" 88
"../../../../../../Projects/UE4/BloodyGarry_1/Content/Meshes/CharacterMeshes/Garry/Garry_wo_rig_hat_PhysicsAsset.uasset" 89
"../../../../../../Projects/UE4/BloodyGarry_1/Content/Meshes/CharacterMeshes/Garry/Garry_wo_rig_hat_Skeleton.uasset" 90
"../../../../../../Projects/UE4/BloodyGarry_1/Content/Meshes/CharacterMeshes/Garry/Garry_wo_rig_hat.uasset" 91
"../../../../../../Projects/UE4/BloodyGarry_1/Content/Objects/Bat/batPic.uasset" 92
"../../../../../../Projects/UE4/BloodyGarry_1/Content/Objects/Bat/batPic_Mat.uasset" 93
"../../../../../../Projects/UE4/BloodyGarry_1/Content/Objects/Bat/TEXTURE_Bat.uasset" 94
"../../../../../../Projects/UE4/BloodyGarry_1/Content/Objects/Bat/lambert2.uasset" 95
"../../../../../../Projects/UE4/BloodyGarry_1/Content/Objects/Bat/Bat_2_PhysicsAsset.uasset" 96
"../../../../../../Projects/UE4/BloodyGarry_1/Content/Objects/Bat/Bat_2_Skeleton.uasset" 97
"../../../../../../Projects/UE4/BloodyGarry_1/Content/Objects/Bat/Bat_2.uasset" 98
"../../../../../../Projects/UE4/BloodyGarry_1/Content/Objects/Boss_Garlic/TEXTURE_Green_Body.uasset" 99
"../../../../../../Projects/UE4/BloodyGarry_1/Content/Objects/Boss_Garlic/Boss_Green_Body_Mat.uasset" 100
"../../../../../../Projects/UE4/BloodyGarry_1/Content/Objects/Boss_Garlic/TEXTURE_Apron.uasset" 101
"../../../../../../Projects/UE4/BloodyGarry_1/Content/Objects/Boss_Garlic/Boss_Apron_Mat.uasset" 102
"../../../../../../Projects/UE4/BloodyGarry_1/Content/Objects/Boss_Garlic/TEXTURE_Baguette.uasset" 103
"../../../../../../Projects/UE4/BloodyGarry_1/Content/Objects/Boss_Garlic/Boss_Baguette_Mat.uasset" 104
"../../../../../../Projects/UE4/BloodyGarry_1/Content/Objects/Boss_Garlic/TEXTURE_Body.uasset" 105
"../../../../../../Projects/UE4/BloodyGarry_1/Content/Objects/Boss_Garlic/Boss_Body_Mat.uasset" 106
"../../../../../../Projects/UE4/BloodyGarry_1/Content/Objects/Boss_Garlic/TEXTURE_Eyes.uasset" 107
"../../../../../../Projects/UE4/BloodyGarry_1/Content/Objects/Boss_Garlic/Boss_Eyes_Mat.uasset" 108
"../../../../../../Projects/UE4/BloodyGarry_1/Content/Objects/Boss_Garlic/TEXTURE_Green_Head.uasset" 109
"../../../../../../Projects/UE4/BloodyGarry_1/Content/Objects/Boss_Garlic/Boss_Green_Head_Mat.uasset" 110
"../../../../../../Projects/UE4/BloodyGarry_1/Content/Objects/Boss_Garlic/TEXTURE_Moustache.uasset" 111
"../../../../../../Projects/UE4/BloodyGarry_1/Content/Objects/Boss_Garlic/Boss_Moustache_Mat.uasset" 112
"../../../../../../Projects/UE4/BloodyGarry_1/Content/Objects/Boss_Garlic/Garlic_Man_Attack_Anim_Skeleton.uasset" 113
"../../../../../../Projects/UE4/BloodyGarry_1/Content/Objects/Boss_Garlic/Garlic_Man_Death_Anim_PhysicsAsset.uasset" 114
"../../../../../../Projects/UE4/BloodyGarry_1/Content/Objects/Boss_Garlic/Garlic_Man_Death_Anim.uasset" 115
"../../../../../../Projects/UE4/BloodyGarry_1/Content/Objects/Boss_Garlic/Garlic_Man_Death_Anim_Anim.uasset" 116
"../../../../../../Projects/UE4/BloodyGarry_1/Content/Objects/Boss_Garlic/Garlic_Man_Idle_Anim_PhysicsAsset.uasset" 117
"../../../../../../Projects/UE4/BloodyGarry_1/Content/Objects/Boss_Garlic/Garlic_Man_Idle_Anim.uasset" 118
"../../../../../../Projects/UE4/BloodyGarry_1/Content/Objects/Boss_Garlic/Garlic_Man_Idle_Anim_Anim.uasset" 119
"../../../../../../Projects/UE4/BloodyGarry_1/Content/Objects/Boss_Garlic/Garlic_Man_Walk_Anim_PhysicsAsset.uasset" 120
"../../../../../../Projects/UE4/BloodyGarry_1/Content/Objects/Boss_Garlic/Garlic_Man_Walk_Anim.uasset" 121
"../../../../../../Projects/UE4/BloodyGarry_1/Content/Objects/Boss_Garlic/Garlic_Man_Walk_Anim_Anim.uasset" 122
"../../../../../../Projects/UE4/BloodyGarry_1/Content/Objects/Boss_Garlic/TEXTURE_Apron_Mat.uasset" 123
"../../../../../../Projects/UE4/BloodyGarry_1/Content/Objects/Boss_Garlic/TEXTURE_Baguette_Mat.uasset" 124
"../../../../../../Projects/UE4/BloodyGarry_1/Content/Objects/Boss_Garlic/TEXTURE_Body_Mat.uasset" 125
"../../../../../../Projects/UE4/BloodyGarry_1/Content/Objects/Boss_Garlic/TEXTURE_Eyes_Mat.uasset" 126
"../../../../../../Projects/UE4/BloodyGarry_1/Content/Objects/Boss_Garlic/TEXTURE_Green_Head_Mat.uasset" 127
"../../../../../../Projects/UE4/BloodyGarry_1/Content/Objects/Boss_Garlic/TEXTURE_Moustache_Mat.uasset" 128
"../../../../../../Projects/UE4/BloodyGarry_1/Content/Objects/Garry/Garry_Attack_cooldown_Anim_PhysicsAsset.uasset" 129
"../../../../../../Projects/UE4/BloodyGarry_1/Content/Objects/Garry/Garry_Attack_cooldown_Anim.uasset" 130
"../../../../../../Projects/UE4/BloodyGarry_1/Content/Objects/Garry/Garry_Attack_cooldown_Anim_Anim.uasset" 131
"../../../../../../Projects/UE4/BloodyGarry_1/Content/Objects/Garry/Garry_Attack_cooldown_Anim_Skeleton.uasset" 132
"../../../../../../Projects/UE4/BloodyGarry_1/Content/Objects/Garry/Garry_Death_Anim_PhysicsAsset.uasset" 133
"../../../../../../Projects/UE4/BloodyGarry_1/Content/Objects/Garry/Garry_Death_Anim_Skeleton.uasset" 134
"../../../../../../Projects/UE4/BloodyGarry_1/Content/Objects/Garry/Garry_Death_Anim.uasset" 135
"../../../../../../Projects/UE4/BloodyGarry_1/Content/Objects/Garry/Garry_Death_Anim_Anim.uasset" 136
"../../../../../../Projects/UE4/BloodyGarry_1/Content/Objects/Garry/Garry_Run_Anim_02_PhysicsAsset.uasset" 137
"../../../../../../Projects/UE4/BloodyGarry_1/Content/Objects/Garry/Garry_Run_Anim_02_Skeleton.uasset" 138
"../../../../../../Projects/UE4/BloodyGarry_1/Content/Objects/Garry/Garry_Run_Anim_02.uasset" 139
"../../../../../../Projects/UE4/BloodyGarry_1/Content/Objects/Garry/Garry_wo_rig_body.uasset" 140
"../../../../../../Projects/UE4/BloodyGarry_1/Content/Objects/Garry/Garry_wo_rig_cape.uasset" 141
"../../../../../../Projects/UE4/BloodyGarry_1/Content/Objects/Garry/Garry_wo_rig_eyes.uasset" 142
"../../../../../../Projects/UE4/BloodyGarry_1/Content/Objects/Garry/Garry_wo_rig_hat.uasset" 143
"../../../../../../Projects/UE4/BloodyGarry_1/Content/Objects/Minion_Garlic/TEXTURE_Body.uasset" 144
"../../../../../../Projects/UE4/BloodyGarry_1/Content/Objects/Minion_Garlic/Minion_Body_Mat.uasset" 145
"../../../../../../Projects/UE4/BloodyGarry_1/Content/Objects/Minion_Garlic/TEXTURE_Eyes.uasset" 146
"../../../../../../Projects/UE4/BloodyGarry_1/Content/Objects/Minion_Garlic/Minion_Eyes_Mat.uasset" 147
"../../../../../../Projects/UE4/BloodyGarry_1/Content/Objects/Minion_Garlic/TEXTURE_Green.uasset" 148
"../../../../../../Projects/UE4/BloodyGarry_1/Content/Objects/Minion_Garlic/Minion_Green_Mat.uasset" 149
"../../../../../../Projects/UE4/BloodyGarry_1/Content/Objects/Minion_Garlic/Garlic_Boys_Death_Anim_PhysicsAsset.uasset" 150
"../../../../../../Projects/UE4/BloodyGarry_1/Content/Objects/Minion_Garlic/Garlic_Boys_Run_Anim_Skeleton.uasset" 151
"../../../../../../Projects/UE4/BloodyGarry_1/Content/Objects/Minion_Garlic/Garlic_Boys_Death_Anim.uasset" 152
"../../../../../../Projects/UE4/BloodyGarry_1/Content/Objects/Minion_Garlic/Garlic_Boys_Death_Anim_Anim.uasset" 153
"../../../../../../Projects/UE4/BloodyGarry_1/Content/Objects/Minion_Garlic/Garlic_Boys_Death_Anim_Skeleton.uasset" 154
"../../../../../../Projects/UE4/BloodyGarry_1/Content/Objects/Minion_Garlic/Garlic_boys_wo_rig_body.uasset" 155
"../../../../../../Projects/UE4/BloodyGarry_1/Content/Objects/Minion_Garlic/Garlic_boys_wo_rig_eyes.uasset" 156
"../../../../../../Projects/UE4/BloodyGarry_1/Content/Objects/Minion_Garlic/Garlic_boys_wo_rig_green_body.uasset" 157
"../../../../../../Projects/UE4/BloodyGarry_1/Content/Objects/Sunscreen/TEXTURE_Sunscreen.uasset" 158
"../../../../../../Projects/UE4/BloodyGarry_1/Content/Objects/Sunscreen/lambert1.uasset" 159
"../../../../../../Projects/UE4/BloodyGarry_1/Content/Objects/Sunscreen/Sunscreen.uasset" 160
"../../../Engine/Content/Animation/DefaultAnimCurveCompressionSettings.uasset" 161
"../../../Engine/Content/Functions/Engine_MaterialFunctions01/Opacity/CameraDepthFade.uasset" 162
"../../../Engine/Content/EngineMaterials/T_Default_Material_Grid_M.uasset" 163
"../../../Engine/Content/EngineMaterials/T_Default_Material_Grid_N.uasset" 164
"../../../Engine/Content/EngineMaterials/WorldGridMaterial.uasset" 165
"../../../Engine/Content/ArtTools/RenderToTexture/Meshes/S_1_Unit_Plane.uasset" 166
"../../../Engine/Content/EngineMaterials/DefaultMaterial.uasset" 167
"../../../Engine/Content/BasicShapes/Cone.uasset" 168
"../../../Engine/Content/BasicShapes/Cube.uasset" 169
"../../../Engine/Content/BasicShapes/Cylinder.uasset" 170
"../../../Engine/Content/BasicShapes/Plane.uasset" 171
"../../../Engine/Content/BasicShapes/Sphere.uasset" 172
"../../../Engine/Content/EditorLandscapeResources/DataLayer.uasset" 173
"../../../Engine/Content/EditorMaterials/MAT_Groups_Toggle.uasset" 174
"../../../Engine/Content/EditorMaterials/MAT_Groups_Visibility.uasset" 175
"../../../Engine/Content/EditorMaterials/PreviewShadowIndicator.uasset" 176
"../../../Engine/Content/EditorMaterials/PreviewShadowIndicatorMaterial.uasset" 177
"../../../Engine/Content/EditorMaterials/MatineeGroups/MAT_ColorTrack.uasset" 178
"../../../Engine/Content/EditorMaterials/MatineeGroups/MAT_Groups_Anim.uasset" 179
"../../../Engine/Content/EditorMaterials/MatineeGroups/MAT_Groups_AudioMaster.uasset" 180
"../../../Engine/Content/EditorMaterials/MatineeGroups/MAT_Groups_Director.uasset" 181
"../../../Engine/Content/EditorMaterials/MatineeGroups/MAT_Groups_Event.uasset" 182
"../../../Engine/Content/EditorMaterials/MatineeGroups/MAT_Groups_Fade.uasset" 183
"../../../Engine/Content/EditorMaterials/MatineeGroups/MAT_Groups_Float.uasset" 184
"../../../Engine/Content/EditorMaterials/MatineeGroups/MAT_Groups_Move.uasset" 185
"../../../Engine/Content/EditorMaterials/MatineeGroups/MAT_Groups_Slomo.uasset" 186
"../../../Engine/Content/EditorMaterials/MatineeGroups/MAT_Groups_Sound.uasset" 187
"../../../Engine/Content/EditorMaterials/MatineeGroups/MAT_Groups_Vector.uasset" 188
"../../../Engine/Content/EditorMaterials/ParticleSystems/PSysThumbnail_NoImage.uasset" 189
"../../../Engine/Content/EditorMaterials/ParticleSystems/PSysThumbnail_OOD.uasset" 190
"../../../Engine/Content/EditorMaterials/Camera/CineMat.uasset" 191
"../../../Engine/Content/EditorMaterials/Camera/MI_CineMat_Rig.uasset" 192
"../../../Engine/Content/EditorMeshes/Camera/SM_CraneRig_Arm.uasset" 193
"../../../Engine/Content/EditorMeshes/Camera/SM_CraneRig_Base.uasset" 194
"../../../Engine/Content/EditorMeshes/Camera/SM_CraneRig_Body.uasset" 195
"../../../Engine/Content/EditorMeshes/Camera/SM_CraneRig_Mount.uasset" 196
"../../../Engine/Content/EditorMeshes/Camera/SM_RailRig_Mount.uasset" 197
"../../../Engine/Content/EditorMeshes/Camera/SM_RailRig_Track.uasset" 198
"../../../Engine/Content/EditorResources/BSPVertex.uasset" 199
"../../../Engine/Content/EditorResources/EmptyActor.uasset" 200
"../../../Engine/Content/EditorResources/S_Actor.uasset" 201
"../../../Engine/Content/EditorResources/S_Note.uasset" 202
"../../../Engine/Content/EditorResources/S_Solver.uasset" 203
"../../../Engine/Content/EditorResources/S_Trigger.uasset" 204
"../../../Engine/Content/EditorResources/LightIcons/S_LightError.uasset" 205
"../../../Engine/Content/EditorResources/SequenceRecorder/Countdown.uasset" 206
"../../../Engine/Content/EditorResources/SequenceRecorder/RecordingIndicator.uasset" 207
"../../../Engine/Content/EditorSounds/Notifications/CompileFailed.uasset" 208
"../../../Engine/Content/EditorSounds/Notifications/CompileFailed_Cue.uasset" 209
"../../../Engine/Content/EditorSounds/Notifications/CompileSuccess.uasset" 210
"../../../Engine/Content/EditorSounds/Notifications/CompileStart_Cue.uasset" 211
"../../../Engine/Content/EditorSounds/Notifications/CompileSuccess_Cue.uasset" 212
"../../../Engine/Content/EngineDamageTypes/DmgTypeBP_Environmental.uasset" 213
"../../../Engine/Content/EngineDebugMaterials/DebugEditorMaterial.uasset" 214
"../../../Engine/Content/EngineDebugMaterials/DebugMeshMaterial.uasset" 215
"../../../Engine/Content/EngineDebugMaterials/M_SimpleTranslucent.uasset" 216
"../../../Engine/Content/Functions/Engine_MaterialFunctions02/Utility/CameraDirectionVector.uasset" 217
"../../../Engine/Content/EngineDebugMaterials/VolumeToRender.uasset" 218
"../../../Engine/Content/EngineDebugMaterials/M_VolumeRenderSphereTracePP.uasset" 219
"../../../Engine/Content/EngineDebugMaterials/WireframeMaterial.uasset" 220
"../../../Engine/Content/EngineFonts/Faces/DroidSansFallback.uasset" 221
"../../../Engine/Content/EngineFonts/Faces/RobotoBold.uasset" 222
"../../../Engine/Content/EngineFonts/Faces/RobotoBoldItalic.uasset" 223
"../../../Engine/Content/EngineFonts/Faces/RobotoItalic.uasset" 224
"../../../Engine/Content/EngineFonts/Faces/RobotoLight.uasset" 225
"../../../Engine/Content/EngineFonts/Faces/RobotoRegular.uasset" 226
"../../../Engine/Content/EngineFonts/Roboto.uasset" 227
"../../../Engine/Content/EngineMaterials/BaseFlattenDiffuseMap.uasset" 228
"../../../Engine/Content/EngineMaterials/BaseFlattenEmissiveMap.uasset" 229
"../../../Engine/Content/EngineMaterials/BaseFlattenGrayscaleMap.uasset" 230
"../../../Engine/Content/EngineMaterials/BaseFlattenNormalMap.uasset" 231
"../../../Engine/Content/EngineMaterials/BaseFlattenMaterial.uasset" 232
"../../../Engine/Content/EngineMaterials/BlueNoise.uasset" 233
"../../../Engine/Content/EngineMaterials/DefaultBloomKernel.uasset" 234
"../../../Engine/Content/EngineMaterials/DefaultBokeh.uasset" 235
"../../../Engine/Content/EngineMaterials/DefaultDiffuse.uasset" 236
"../../../Engine/Content/EngineMaterials/DefaultDeferredDecalMaterial.uasset" 237
"../../../Engine/Content/EngineMaterials/DefaultLightFunctionMaterial.uasset" 238
"../../../Engine/Content/EngineMaterials/DefaultPhysicalMaterial.uasset" 239
"../../../Engine/Content/Functions/Engine_MaterialFunctions02/Utility/BreakOutFloat2Components.uasset" 240
"../../../Engine/Content/EngineMaterials/DefaultPostProcessMaterial.uasset" 241
"../../../Engine/Content/EngineFonts/RobotoDistanceField.uasset" 242
"../../../Engine/Content/EngineMaterials/DefaultTextMaterialOpaque.uasset" 243
"../../../Engine/Content/EngineMaterials/DefaultVirtualTextureMaterial.uasset" 244
"../../../Engine/Content/EngineMaterials/DefaultWhiteGrid.uasset" 245
"../../../Engine/Content/EngineMaterials/DefaultWhiteGrid_Low.uasset" 246
"../../../Engine/Content/EngineMaterials/EmissiveMeshMaterial.uasset" 247
"../../../Engine/Content/EngineMaterials/GizmoMaterial.uasset" 248
"../../../Engine/Content/EngineMaterials/Good64x64TilingNoiseHighFreq.uasset" 249
"../../../Engine/Content/EngineMaterials/HairDefaultMaterial.uasset" 250
"../../../Engine/Content/EngineMaterials/MiniFont.uasset" 251
"../../../Engine/Content/EngineMaterials/InvalidLightmapSettings.uasset" 252
"../../../Engine/Content/EngineMaterials/M_InvalidLightmapSettings.uasset" 253
"../../../Engine/Content/Functions/Engine_MaterialFunctions02/WorldPositionOffset/CameraOffset.uasset" 254
"../../../Engine/Content/EngineMaterials/PhAT_JointLimitMaterial.uasset" 255
"../../../Engine/Content/EngineMaterials/PreintegratedSkinBRDF.uasset" 256
"../../../Engine/Content/EngineMaterials/RemoveSurfaceMaterial.uasset" 257
"../../../Engine/Content/EngineMaterials/WeightMapPlaceholderTexture.uasset" 258
"../../../Engine/Content/EngineResources/WhiteSquareTexture.uasset" 259
"../../../Engine/Content/EngineMaterials/Widget3DPassThrough.uasset" 260
"../../../Engine/Content/EngineMaterials/Widget3DPassThrough_Masked.uasset" 261
"../../../Engine/Content/EngineMaterials/Widget3DPassThrough_Opaque.uasset" 262
"../../../Engine/Content/EngineMaterials/Widget3DPassThrough_Masked_OneSided.uasset" 263
"../../../Engine/Content/EngineMaterials/Widget3DPassThrough_Opaque_OneSided.uasset" 264
"../../../Engine/Content/EngineMaterials/Widget3DPassThrough_Translucent.uasset" 265
"../../../Engine/Content/EngineMaterials/Widget3DPassThrough_Translucent_OneSided.uasset" 266
"../../../Engine/Content/EngineMeshes/Cylinder.uasset" 267
"../../../Engine/Content/EngineMeshes/Sphere.uasset" 268
"../../../Engine/Content/EngineResources/Black.uasset" 269
"../../../Engine/Content/EngineResources/DefaultTexture.uasset" 270
"../../../Engine/Content/EngineResources/DefaultTextureCube.uasset" 271
"../../../Engine/Content/EngineResources/DefaultVolumeTexture2D.uasset" 272
"../../../Engine/Content/EngineResources/DefaultVolumeTexture.uasset" 273
"../../../Engine/Content/EngineResources/GradientTexture0.uasset" 274
"../../../Engine/Content/EngineSounds/Master.uasset" 275
"../../../Engine/Content/Functions/Engine_MaterialFunctions01/Shading/ConvertFromDiffSpec.uasset" 276
"../../../Engine/Content/Functions/Engine_MaterialFunctions01/Shading/PowerToRoughness.uasset" 277
"../../../Engine/Content/Maps/Templates/Thumbnails/Default.uasset" 278
"../../../Engine/Content/Maps/Templates/Thumbnails/TimeOfDay.uasset" 279
"../../../Engine/Content/Maps/Templates/Thumbnails/VR-Basic.uasset" 280
"../../../Engine/Content/MobileResources/T_MobileControls_texture.uasset" 281
"../../../Engine/Content/MobileResources/T_MobileMenu2.uasset" 282
"../../../Engine/Content/MobileResources/HUD/AnalogHat.uasset" 283
"../../../Engine/Content/MobileResources/HUD/VirtualJoystick_Background.uasset" 284
"../../../Engine/Content/MobileResources/HUD/VirtualJoystick_Thumb.uasset" 285
"../../../Engine/Content/MobileResources/HUD/DefaultVirtualJoysticks.uasset" 286
"../../../Engine/Content/MobileResources/HUD/LeftVirtualJoystickOnly.uasset" 287
"../../../Engine/Content/MobileResources/HUD/MobileHUDButton1_off.uasset" 288
"../../../Engine/Content/MobileResources/HUD/MobileHUDButton1_on.uasset" 289
"../../../Engine/Content/MobileResources/HUD/MobileHUDButton2_off.uasset" 290
"../../../Engine/Content/MobileResources/HUD/MobileHUDButton2_on.uasset" 291
"../../../Engine/Content/MobileResources/HUD/MobileHUDButton3.uasset" 292
"../../../Engine/Content/MobileResources/HUD/MobileHUDButtonFire.uasset" 293
"../../../Engine/Content/MobileResources/HUD/MobileHUDDirectionPad.uasset" 294
"../../../Engine/Content/MobileResources/HUD/MobileHUDDirectionPad2.uasset" 295
"../../../Engine/Content/MobileResources/HUD/MobileHUDDirectionPad3.uasset" 296
"../../../Engine/Content/MobileResources/HUD/MobileHUDDirectionStick.uasset" 297
"../../../Engine/Content/MobileResources/HUD/T_Castle_ThumbstickInner.uasset" 298
"../../../Engine/Content/MobileResources/HUD/T_Castle_ThumbstickOutter.uasset" 299
"../../../Engine/Content/Tutorial/ContentIntroCurve.uasset" 300
"../../../Engine/Content/Tutorial/Basics/LevelEditorAttract.uasset" 301
"../../../Engine/Content/Tutorial/Basics/TutorialAssets/icon_tab_Levels_40x.uasset" 302
"../../../Engine/Content/Tutorial/Basics/LevelEditorOverview.uasset" 303
"../../../Engine/Content/Tutorial/BlueprintTutorials/TutorialAssets/Blueprint_64x.uasset" 304
"../../../Engine/Content/Tutorial/BlueprintTutorials/LevelBlueprintEditorOverview.uasset" 305
"../../../Engine/Content/VREditor/LaserPointer/VR_LaserPower_01.uasset" 306
"../../../Engine/Content/VREditor/TransformGizmo/TransformGizmoMaterial.uasset" 307
"../../../Engine/Content/VREditor/TransformGizmo/TranslucentTransformGizmoMaterial.uasset" 308
"../../../Engine/Content/VREditor/TransformGizmo/BoundingBoxCorner.uasset" 309
"../../../Engine/Content/VREditor/TransformGizmo/BoundingBoxEdge.uasset" 310
"../../../Engine/Content/VREditor/TransformGizmo/PlaneTranslationHandle.uasset" 311
"../../../Engine/Content/VREditor/TransformGizmo/Main.uasset" 312
"../../../Engine/Content/VREditor/TransformGizmo/Xray.uasset" 313
"../../../Engine/Content/VREditor/TransformGizmo/SM_Sequencer_Key.uasset" 314
"../../../Engine/Content/VREditor/TransformGizmo/SM_Sequencer_Node.uasset" 315
"../../Plugins/2D/Paper2D/Content/PlaceholderTextures/DummySpriteTexture.uasset" 316
"../../Plugins/2D/Paper2D/Content/DummySprite.uasset" 317
"../../Plugins/2D/Paper2D/Content/DefaultPaperTerrainMaterial.uasset" 318
"../../Plugins/2D/Paper2D/Content/DummySpriteTexture.uasset" 319
"../../Plugins/2D/Paper2D/Content/DefaultSpriteMaterial.uasset" 320
"../../Plugins/2D/Paper2D/Content/MaskedUnlitSpriteMaterial.uasset" 321
"../../Plugins/2D/Paper2D/Content/OpaqueUnlitSpriteMaterial.uasset" 322
"../../../Engine/Content/Functions/Engine_MaterialFunctions02/Utility/BreakOutFloat4Components.uasset" 323
"../../../Engine/Content/Functions/Engine_MaterialFunctions02/Utility/MakeFloat2.uasset" 324
"../../../Engine/Content/Functions/Engine_MaterialFunctions02/Utility/MakeFloat3.uasset" 325
"../../Plugins/Runtime/Oculus/OculusVR/Content/Materials/OculusMR_ChromaKey.uasset" 326
"../../Plugins/Runtime/Oculus/OculusVR/Content/Materials/OculusMR_ChromaKey_Lit.uasset" 327
"../../Plugins/Runtime/Oculus/OculusVR/Content/Materials/OculusMR_OpaqueColoredMaterial.uasset" 328
"../../Plugins/Runtime/Oculus/OculusVR/Content/Materials/OculusMR_WhiteMaterial.uasset" 329
"../../../../../../Projects/UE4/BloodyGarry_1/Content/Objects/Minion_Garlic/Garlic_Boys_Attack_Anim_PhysicsAsset.uasset" 330
"../../../../../../Projects/UE4/BloodyGarry_1/Content/Objects/Minion_Garlic/Garlic_Boys_Attack_Anim_Skeleton.uasset" 331
"../../../../../../Projects/UE4/BloodyGarry_1/Content/Objects/Minion_Garlic/Garlic_Boys_Attack_Anim.uasset" 332
"../../../../../../Projects/UE4/BloodyGarry_1/Content/Blueprints/Enemy_BP.uasset" 333
"../../../Engine/Content/EditorBlueprintResources/StandardMacros.uasset" 334
"../../../Engine/Content/EngineSky/C_Sky_Cloud_Color.uasset" 335
"../../../Engine/Content/EngineSky/C_Sky_Horizon_Color.uasset" 336
"../../../Engine/Content/EngineSky/C_Sky_Zenith_Color.uasset" 337
"../../../Engine/Content/EngineSky/T_Sky_Blue.uasset" 338
"../../../Engine/Content/EngineSky/T_Sky_Clouds_M.uasset" 339
"../../../Engine/Content/EngineSky/T_Sky_Stars.uasset" 340
"../../../Engine/Content/EngineSky/M_Sky_Panning_Clouds2.uasset" 341
"../../../Engine/Content/EngineSky/SM_SkySphere.uasset" 342
"../../../Engine/Content/EngineSky/BP_Sky_Sphere.uasset" 343
"../../../../../../Projects/UE4/BloodyGarry_1/Content/Blueprints/BP_Sun.uasset" 344
"../../../../../../Projects/UE4/BloodyGarry_1/Content/Maps/Level1_BuiltData.uasset" 345
"../../../Engine/Content/MapTemplates/SM_Template_Map_Floor.uasset" 346
"../../../../../../Projects/UE4/BloodyGarry_1/Content/Objects/House_green/1_2.uasset" 347
"../../../../../../Projects/UE4/BloodyGarry_1/Content/Objects/House_green/lambert2.uasset" 348
"../../../../../../Projects/UE4/BloodyGarry_1/Content/Objects/House_green/2_2.uasset" 349
"../../../../../../Projects/UE4/BloodyGarry_1/Content/Objects/House_green/lambert3.uasset" 350
"../../../../../../Projects/UE4/BloodyGarry_1/Content/Objects/House_green/TEXTURE_Stone.uasset" 351
"../../../../../../Projects/UE4/BloodyGarry_1/Content/Objects/House_green/lambert4.uasset" 352
"../../../../../../Projects/UE4/BloodyGarry_1/Content/Objects/House_green/5_2.uasset" 353
"../../../../../../Projects/UE4/BloodyGarry_1/Content/Objects/House_green/lambert5.uasset" 354
"../../../../../../Projects/UE4/BloodyGarry_1/Content/Objects/House_green/4_2.uasset" 355
"../../../../../../Projects/UE4/BloodyGarry_1/Content/Objects/House_green/lambert6.uasset" 356
"../../../../../../Projects/UE4/BloodyGarry_1/Content/Objects/House_green/3_2.uasset" 357
"../../../../../../Projects/UE4/BloodyGarry_1/Content/Objects/House_green/lambert7.uasset" 358
"../../../../../../Projects/UE4/BloodyGarry_1/Content/Objects/House_green/Green_House.uasset" 359
"../../../../../../Projects/UE4/BloodyGarry_1/Content/Objects/House_Red/6_2.uasset" 360
"../../../../../../Projects/UE4/BloodyGarry_1/Content/Objects/House_Red/lambert2.uasset" 361
"../../../../../../Projects/UE4/BloodyGarry_1/Content/Objects/House_Red/7_2.uasset" 362
"../../../../../../Projects/UE4/BloodyGarry_1/Content/Objects/House_Red/lambert3.uasset" 363
"../../../../../../Projects/UE4/BloodyGarry_1/Content/Objects/House_Red/TEXTURE_Stone.uasset" 364
"../../../../../../Projects/UE4/BloodyGarry_1/Content/Objects/House_Red/lambert4.uasset" 365
"../../../../../../Projects/UE4/BloodyGarry_1/Content/Objects/House_Red/5_2.uasset" 366
"../../../../../../Projects/UE4/BloodyGarry_1/Content/Objects/House_Red/lambert5.uasset" 367
"../../../../../../Projects/UE4/BloodyGarry_1/Content/Objects/House_Red/4_2.uasset" 368
"../../../../../../Projects/UE4/BloodyGarry_1/Content/Objects/House_Red/lambert6.uasset" 369
"../../../../../../Projects/UE4/BloodyGarry_1/Content/Objects/House_Red/3_2.uasset" 370
"../../../../../../Projects/UE4/BloodyGarry_1/Content/Objects/House_Red/lambert7.uasset" 371
"../../../../../../Projects/UE4/BloodyGarry_1/Content/Objects/House_Red/Red_House.uasset" 372
"../../../../../../Projects/UE4/BloodyGarry_1/Content/Objects/House_Small/TEXTURE_Walls.uasset" 373
"../../../../../../Projects/UE4/BloodyGarry_1/Content/Objects/House_Small/lambert1.uasset" 374
"../../../../../../Projects/UE4/BloodyGarry_1/Content/Objects/House_Small/TEXTURE_Roof.uasset" 375
"../../../../../../Projects/UE4/BloodyGarry_1/Content/Objects/House_Small/lambert2.uasset" 376
"../../../../../../Projects/UE4/BloodyGarry_1/Content/Objects/House_Small/TEXTURE_Roofwindows.uasset" 377
"../../../../../../Projects/UE4/BloodyGarry_1/Content/Objects/House_Small/lambert3.uasset" 378
"../../../../../../Projects/UE4/BloodyGarry_1/Content/Objects/House_Small/TEXTURE_Stairs_Roofthingy.uasset" 379
"../../../../../../Projects/UE4/BloodyGarry_1/Content/Objects/House_Small/lambert4.uasset" 380
"../../../../../../Projects/UE4/BloodyGarry_1/Content/Objects/House_Small/TEXTURE_Windows_Doors.uasset" 381
"../../../../../../Projects/UE4/BloodyGarry_1/Content/Objects/House_Small/lambert5.uasset" 382
"../../../../../../Projects/UE4/BloodyGarry_1/Content/Objects/House_Small/House_Small.uasset" 383
"../../../../../../Projects/UE4/BloodyGarry_1/Content/Objects/House_Small_Pink/10_2.uasset" 384
"../../../../../../Projects/UE4/BloodyGarry_1/Content/Objects/House_Small_Pink/lambert2.uasset" 385
"../../../../../../Projects/UE4/BloodyGarry_1/Content/Objects/House_Small_Pink/11_2.uasset" 386
"../../../../../../Projects/UE4/BloodyGarry_1/Content/Objects/House_Small_Pink/lambert3.uasset" 387
"../../../../../../Projects/UE4/BloodyGarry_1/Content/Objects/House_Small_Pink/TEXTURE_Stairs_Roofthingy.uasset" 388
"../../../../../../Projects/UE4/BloodyGarry_1/Content/Objects/House_Small_Pink/lambert4.uasset" 389
"../../../../../../Projects/UE4/BloodyGarry_1/Content/Objects/House_Small_Pink/TEXTURE_Windows_Doors.uasset" 390
"../../../../../../Projects/UE4/BloodyGarry_1/Content/Objects/House_Small_Pink/lambert5.uasset" 391
"../../../../../../Projects/UE4/BloodyGarry_1/Content/Objects/House_Small_Pink/TEXTURE_Walls.uasset" 392
"../../../../../../Projects/UE4/BloodyGarry_1/Content/Objects/House_Small_Pink/lambert6.uasset" 393
"../../../../../../Projects/UE4/BloodyGarry_1/Content/Objects/House_Small_Pink/Small_Pink_House.uasset" 394
"../../../../../../Projects/UE4/BloodyGarry_1/Content/Objects/House_Tall/TEXTURE_Windoes_Doors.uasset" 395
"../../../../../../Projects/UE4/BloodyGarry_1/Content/Objects/House_Tall/lambert1.uasset" 396
"../../../../../../Projects/UE4/BloodyGarry_1/Content/Objects/House_Tall/TEXTURE_Roof.uasset" 397
"../../../../../../Projects/UE4/BloodyGarry_1/Content/Objects/House_Tall/lambert2.uasset" 398
"../../../../../../Projects/UE4/BloodyGarry_1/Content/Objects/House_Tall/TEXTURE_Roofwindows.uasset" 399
"../../../../../../Projects/UE4/BloodyGarry_1/Content/Objects/House_Tall/lambert3.uasset" 400
"../../../../../../Projects/UE4/BloodyGarry_1/Content/Objects/House_Tall/TEXTURE_Stone.uasset" 401
"../../../../../../Projects/UE4/BloodyGarry_1/Content/Objects/House_Tall/lambert4.uasset" 402
"../../../../../../Projects/UE4/BloodyGarry_1/Content/Objects/House_Tall/TEXTURE_Veranda.uasset" 403
"../../../../../../Projects/UE4/BloodyGarry_1/Content/Objects/House_Tall/lambert5.uasset" 404
"../../../../../../Projects/UE4/BloodyGarry_1/Content/Objects/House_Tall/TEXTURE_Walls.uasset" 405
"../../../../../../Projects/UE4/BloodyGarry_1/Content/Objects/House_Tall/lambert6.uasset" 406
"../../../../../../Projects/UE4/BloodyGarry_1/Content/Objects/House_Tall/House_Tall.uasset" 407
"../../../../../../Projects/UE4/BloodyGarry_1/Content/Objects/Market_Stand/TEXTURE_Roof.uasset" 408
"../../../../../../Projects/UE4/BloodyGarry_1/Content/Objects/Market_Stand/lambert2.uasset" 409
"../../../../../../Projects/UE4/BloodyGarry_1/Content/Objects/Market_Stand/TEXTURE_Cloth.uasset" 410
"../../../../../../Projects/UE4/BloodyGarry_1/Content/Objects/Market_Stand/lambert3.uasset" 411
"../../../../../../Projects/UE4/BloodyGarry_1/Content/Objects/Market_Stand/TEXTURE_Tree.uasset" 412
"../../../../../../Projects/UE4/BloodyGarry_1/Content/Objects/Market_Stand/lambert4.uasset" 413
"../../../../../../Projects/UE4/BloodyGarry_1/Content/Objects/Market_Stand/TEXTURE_Boxes.uasset" 414
"../../../../../../Projects/UE4/BloodyGarry_1/Content/Objects/Market_Stand/lambert5.uasset" 415
"../../../../../../Projects/UE4/BloodyGarry_1/Content/Objects/Market_Stand/TEXTURE_Garlic.uasset" 416
"../../../../../../Projects/UE4/BloodyGarry_1/Content/Objects/Market_Stand/lambert6.uasset" 417
"../../../../../../Projects/UE4/BloodyGarry_1/Content/Objects/Market_Stand/Stand_Boxes.uasset" 418
"../../../../../../Projects/UE4/BloodyGarry_1/Content/Objects/Market_Stand_wheels/TEXTURE_Handle.uasset" 419
"../../../../../../Projects/UE4/BloodyGarry_1/Content/Objects/Market_Stand_wheels/blinn1.uasset" 420
"../../../../../../Projects/UE4/BloodyGarry_1/Content/Objects/Market_Stand_wheels/TEXTURE_Roof.uasset" 421
"../../../../../../Projects/UE4/BloodyGarry_1/Content/Objects/Market_Stand_wheels/lambert2.uasset" 422
"../../../../../../Projects/UE4/BloodyGarry_1/Content/Objects/Market_Stand_wheels/TEXTURE_Base.uasset" 423
"../../../../../../Projects/UE4/BloodyGarry_1/Content/Objects/Market_Stand_wheels/lambert3.uasset" 424
"../../../../../../Projects/UE4/BloodyGarry_1/Content/Objects/Market_Stand_wheels/TEXTURE_Wheels.uasset" 425
"../../../../../../Projects/UE4/BloodyGarry_1/Content/Objects/Market_Stand_wheels/lambert4.uasset" 426
"../../../../../../Projects/UE4/BloodyGarry_1/Content/Objects/Market_Stand_wheels/Stand_Wheels.uasset" 427
"../../../../../../Projects/UE4/BloodyGarry_1/Content/Objects/Road/As1/TEXTURE_Asfalt.uasset" 428
"../../../../../../Projects/UE4/BloodyGarry_1/Content/Objects/Road/As1/lambert1.uasset" 429
"../../../../../../Projects/UE4/BloodyGarry_1/Content/Objects/Road/As1/Asfalt_1.uasset" 430
"../../../../../../Projects/UE4/BloodyGarry_1/Content/Objects/Road/As2/TEXTURE_Asfalt2.uasset" 431
"../../../../../../Projects/UE4/BloodyGarry_1/Content/Objects/Road/As2/lambert1.uasset" 432
"../../../../../../Projects/UE4/BloodyGarry_1/Content/Objects/Road/As2/Asfalt_2.uasset" 433
"../../../../../../Projects/UE4/BloodyGarry_1/Content/Objects/Sidewalk/TEXTURE_Walk1.uasset" 434
"../../../../../../Projects/UE4/BloodyGarry_1/Content/Objects/Sidewalk/lambert1.uasset" 435
"../../../../../../Projects/UE4/BloodyGarry_1/Content/Objects/Sidewalk/Gate_1.uasset" 436
"../../../../../../Projects/UE4/BloodyGarry_1/Content/Objects/Sidewalk/TEXTURE_Walk2.uasset" 437
"../../../../../../Projects/UE4/BloodyGarry_1/Content/Objects/Sidewalk/TEXTURE_Walk2_Mat.uasset" 438
"../../../../../../Projects/UE4/BloodyGarry_1/Content/Objects/Sidewalk/Gate_2.uasset" 439
"../../../../../../Projects/UE4/BloodyGarry_1/Content/Maps/Level1.umap" 440
"../../../../../../Projects/UE4/BloodyGarry_1/Content/Objects/Minion_Garlic/Garlic_Boys_Attack_Anim_Anim.uasset" 441
"../../../../../../Projects/UE4/BloodyGarry_1/Content/Objects/Minion_Garlic/Garlic_Boys_Run_Anim_Anim.uasset" 442
"../../../../../../Projects/UE4/BloodyGarry_1/Content/Animations/EnemyWalkAttack_BlendSpace.uasset" 443
"../../../../../../Projects/UE4/BloodyGarry_1/Content/Animations/EnemyAnim_BP.uasset" 444
"../../../../../../Projects/UE4/BloodyGarry_1/Content/Objects/Boss_Garlic/Garlic_Man_Attack_Anim_Anim.uasset" 445
"../../../../../../Projects/UE4/BloodyGarry_1/Content/Objects/Trash/TEXTURE_Trashcan.uasset" 446
"../../../../../../Projects/UE4/BloodyGarry_1/Content/Objects/Trash/TEXTURE_Trashcan_Mat.uasset" 447
"../../../../../../Projects/UE4/BloodyGarry_1/Content/Objects/Trees/TEXTURE_Base.uasset" 448
"../../../../../../Projects/UE4/BloodyGarry_1/Content/Objects/Trees/TEXTURE_Mat.uasset" 449
"../../../../../../Projects/UE4/BloodyGarry_1/Content/Objects/Trees/TEXTURE_Top.uasset" 450
"../../../../../../Projects/UE4/BloodyGarry_1/Content/Objects/Trees/TEXTURE_Top_Mat.uasset" 451
"../../../../../../Projects/UE4/BloodyGarry_1/Content/Objects/Barrel/TEXTURE_Barrel.uasset" 452
"../../../../../../Projects/UE4/BloodyGarry_1/Content/Objects/Barrel/lambert1.uasset" 453
"../../../../../../Projects/UE4/BloodyGarry_1/Content/Objects/Barrel/Barrel.uasset" 454
"../../../../../../Projects/UE4/BloodyGarry_1/Content/Objects/Boss_Garlic/Garlic_Man_Attack_Anim_PhysicsAsset.uasset" 455
"../../../../../../Projects/UE4/BloodyGarry_1/Content/Objects/Boss_Garlic/Garlic_Man_Attack_Anim.uasset" 456
"../../../../../../Projects/UE4/BloodyGarry_1/Content/Objects/Fruit_basket/TEXTURE_Banana.uasset" 457
"../../../../../../Projects/UE4/BloodyGarry_1/Content/Objects/Fruit_basket/lambert1.uasset" 458
"../../../../../../Projects/UE4/BloodyGarry_1/Content/Objects/Fruit_basket/TEXTURE_Bowl.uasset" 459
"../../../../../../Projects/UE4/BloodyGarry_1/Content/Objects/Fruit_basket/lambert2.uasset" 460
"../../../../../../Projects/UE4/BloodyGarry_1/Content/Objects/Fruit_basket/Frukt_Kurv.uasset" 461
"../../../../../../Projects/UE4/BloodyGarry_1/Content/Objects/Key/TEXTURE_Key.uasset" 462
"../../../../../../Projects/UE4/BloodyGarry_1/Content/Objects/Key/blinn1.uasset" 463
"../../../../../../Projects/UE4/BloodyGarry_1/Content/Objects/Key/Key.uasset" 464
"../../../../../../Projects/UE4/BloodyGarry_1/Content/Objects/Lamp/TEXTURE_Lampions.uasset" 465
"../../../../../../Projects/UE4/BloodyGarry_1/Content/Objects/Lamp/blinn1.uasset" 466
"../../../../../../Projects/UE4/BloodyGarry_1/Content/Objects/Lamp/TEXTURE_Lamp.uasset" 467
"../../../../../../Projects/UE4/BloodyGarry_1/Content/Objects/Lamp/blinn2.uasset" 468
"../../../../../../Projects/UE4/BloodyGarry_1/Content/Objects/Lamp/Lamp.uasset" 469
"../../../../../../Projects/UE4/BloodyGarry_1/Content/Objects/Minion_Garlic/Garlic_Boys_Run_Anim_PhysicsAsset.uasset" 470
"../../../../../../Projects/UE4/BloodyGarry_1/Content/Objects/Minion_Garlic/Garlic_Boys_Run_Anim.uasset" 471
"../../../../../../Projects/UE4/BloodyGarry_1/Content/Objects/Road/As3/TEXTURE_Asfalt3.uasset" 472
"../../../../../../Projects/UE4/BloodyGarry_1/Content/Objects/Road/As3/lambert1.uasset" 473
"../../../../../../Projects/UE4/BloodyGarry_1/Content/Objects/Road/As3/Asfalt_3.uasset" 474
"../../../../../../Projects/UE4/BloodyGarry_1/Content/Objects/Trash/TEXTURE_Trash_Bag.uasset" 475
"../../../../../../Projects/UE4/BloodyGarry_1/Content/Objects/Trash/blinn1.uasset" 476
"../../../../../../Projects/UE4/BloodyGarry_1/Content/Objects/Trash/Trashbag.uasset" 477
"../../../../../../Projects/UE4/BloodyGarry_1/Content/Objects/Trash/Trashcan.uasset" 478
"../../../../../../Projects/UE4/BloodyGarry_1/Content/Objects/Trees/TEXTURE_Base1.uasset" 479
"../../../../../../Projects/UE4/BloodyGarry_1/Content/Objects/Trees/lambert1.uasset" 480
"../../../../../../Projects/UE4/BloodyGarry_1/Content/Objects/Trees/TEXTURE_Top1.uasset" 481
"../../../../../../Projects/UE4/BloodyGarry_1/Content/Objects/Trees/lambert2.uasset" 482
"../../../../../../Projects/UE4/BloodyGarry_1/Content/Objects/Trees/Tree_1.uasset" 483
"../../../../../../Projects/UE4/BloodyGarry_1/Content/Objects/Trees/Tree_2.uasset" 484
"../../../../../../Projects/UE4/BloodyGarry_1/Content/Maps/Main.umap" 485
"../../../Engine/Content/Maps/Entry_BuiltData.uasset" 486
"../../../Engine/Content/Maps/Entry.umap" 487
